DEBUG: Create server at 127.0.0.1:8000
ANON_CLIENT >> {"action":"register","payload":{"id":"craig","strategy":"dumb"}}
craig#mc0ijlllt << {"action":"set_unique_name","payload":"craig#mc0ijlllt"}
craig#mc0ijlllt << {"action":"set_color","payload":{"id":"craig#mc0ijlllt","color":"white"}}
ANON_CLIENT >> {"action":"register","payload":{"id":"billy","strategy":"dumb"}}
billy#t35sssy87 << {"action":"set_unique_name","payload":"billy#t35sssy87"}
billy#t35sssy87 << {"action":"set_color","payload":{"id":"billy#t35sssy87","color":"black"}}
craig#mc0ijlllt << {"action":"set_color","payload":{"id":"billy#t35sssy87","color":"black"}}
billy#t35sssy87 << {"action":"set_color","payload":{"id":"craig#mc0ijlllt","color":"white"}}
ANON_CLIENT >> {"action":"register","payload":{"id":"sammy","strategy":"dumb"}}
sammy#uj6wk93ss << {"action":"set_unique_name","payload":"sammy#uj6wk93ss"}
sammy#uj6wk93ss << {"action":"set_color","payload":{"id":"sammy#uj6wk93ss","color":"red"}}
craig#mc0ijlllt << {"action":"set_color","payload":{"id":"sammy#uj6wk93ss","color":"red"}}
sammy#uj6wk93ss << {"action":"set_color","payload":{"id":"craig#mc0ijlllt","color":"white"}}
billy#t35sssy87 << {"action":"set_color","payload":{"id":"sammy#uj6wk93ss","color":"red"}}
sammy#uj6wk93ss << {"action":"set_color","payload":{"id":"billy#t35sssy87","color":"black"}}
DEBUG: Standby timeout has started.
DEBUG: Game has started.
DEBUG: craig#mc0ijlllt has started their turn.
craig#mc0ijlllt << {"action":"update_view","payload":{"tiles":[[null,null,null,null,null,null,null,null,null,null],[null,null,null,null,null,null,null,null,null,null],[null,null,null,null,null,null,null,null,null,null],[null,null,null,null,null,null,null,null,null,null],[null,null,null,null,null,null,null,null,null,null],[null,null,null,null,null,null,null,null,null,null],[null,null,null,null,null,null,null,null,null,null],[null,null,null,null,null,null,null,null,null,null],[null,null,null,null,null,null,null,null,null,null],[null,null,null,null,null,null,null,null,null,null]],"avatars":[],"initialAvatarHashes":{}}}
craig#mc0ijlllt << {"action":"is_turn","payload":true}
craig#mc0ijlllt << {"action":"new_hand","payload":[0,1,2]}
craig#mc0ijlllt << {"action":"request_action","payload":true}
DEBUG: billy#t35sssy87 has disconnected.
billy#t35sssy87 << {"action":"lose","payload":false}
DEBUG: billy#t35sssy87 has disconnected.
craig#mc0ijlllt >> {"action":"submit_action","payload":{"tile":2,"coords":{"x":0,"y":0},"position":{"direction":"north","port":0}}}
craig#mc0ijlllt << {"action":"dump_hand","payload":null}
craig#mc0ijlllt << {"action":"is_turn","payload":false}
craig#mc0ijlllt << {"action":"update_view","payload":{"tiles":[[2,null,null,null,null,null,null,null,null,null],[null,null,null,null,null,null,null,null,null,null],[null,null,null,null,null,null,null,null,null,null],[null,null,null,null,null,null,null,null,null,null],[null,null,null,null,null,null,null,null,null,null],[null,null,null,null,null,null,null,null,null,null],[null,null,null,null,null,null,null,null,null,null],[null,null,null,null,null,null,null,null,null,null],[null,null,null,null,null,null,null,null,null,null],[null,null,null,null,null,null,null,null,null,null]],"avatars":[{"id":"craig#mc0ijlllt","color":"white","coords":{"x":0,"y":0,"_hash":"00"},"position":{"direction":"south","port":1,"_hash":"south1"},"collided":false,"exited":false}],"initialAvatarHashes":{"00north0":"craig#mc0ijlllt"}}}
billy#t35sssy87 << {"action":"update_view","payload":{"tiles":[[2,null,null,null,null,null,null,null,null,null],[null,null,null,null,null,null,null,null,null,null],[null,null,null,null,null,null,null,null,null,null],[null,null,null,null,null,null,null,null,null,null],[null,null,null,null,null,null,null,null,null,null],[null,null,null,null,null,null,null,null,null,null],[null,null,null,null,null,null,null,null,null,null],[null,null,null,null,null,null,null,null,null,null],[null,null,null,null,null,null,null,null,null,null],[null,null,null,null,null,null,null,null,null,null]],"avatars":[{"id":"craig#mc0ijlllt","color":"white","coords":{"x":0,"y":0,"_hash":"00"},"position":{"direction":"south","port":1,"_hash":"south1"},"collided":false,"exited":false}],"initialAvatarHashes":{"00north0":"craig#mc0ijlllt"}}}
sammy#uj6wk93ss << {"action":"update_view","payload":{"tiles":[[2,null,null,null,null,null,null,null,null,null],[null,null,null,null,null,null,null,null,null,null],[null,null,null,null,null,null,null,null,null,null],[null,null,null,null,null,null,null,null,null,null],[null,null,null,null,null,null,null,null,null,null],[null,null,null,null,null,null,null,null,null,null],[null,null,null,null,null,null,null,null,null,null],[null,null,null,null,null,null,null,null,null,null],[null,null,null,null,null,null,null,null,null,null],[null,null,null,null,null,null,null,null,null,null]],"avatars":[{"id":"craig#mc0ijlllt","color":"white","coords":{"x":0,"y":0,"_hash":"00"},"position":{"direction":"south","port":1,"_hash":"south1"},"collided":false,"exited":false}],"initialAvatarHashes":{"00north0":"craig#mc0ijlllt"}}}
DEBUG: craig#mc0ijlllt has ended their turn.
DEBUG: sammy#uj6wk93ss has started their turn.
sammy#uj6wk93ss << {"action":"update_view","payload":{"tiles":[[2,null,null,null,null,null,null,null,null,null],[null,null,null,null,null,null,null,null,null,null],[null,null,null,null,null,null,null,null,null,null],[null,null,null,null,null,null,null,null,null,null],[null,null,null,null,null,null,null,null,null,null],[null,null,null,null,null,null,null,null,null,null],[null,null,null,null,null,null,null,null,null,null],[null,null,null,null,null,null,null,null,null,null],[null,null,null,null,null,null,null,null,null,null],[null,null,null,null,null,null,null,null,null,null]],"avatars":[{"id":"craig#mc0ijlllt","color":"white","coords":{"x":0,"y":0,"_hash":"00"},"position":{"direction":"south","port":1,"_hash":"south1"},"collided":false,"exited":false}],"initialAvatarHashes":{"00north0":"craig#mc0ijlllt"}}}
sammy#uj6wk93ss << {"action":"is_turn","payload":true}
sammy#uj6wk93ss << {"action":"new_hand","payload":[3,4,5]}
sammy#uj6wk93ss << {"action":"request_action","payload":true}
sammy#uj6wk93ss >> {"action":"submit_action","payload":{"tile":5,"coords":{"x":2,"y":0},"position":{"direction":"north","port":0}}}
sammy#uj6wk93ss << {"action":"dump_hand","payload":null}
sammy#uj6wk93ss << {"action":"is_turn","payload":false}
craig#mc0ijlllt << {"action":"update_view","payload":{"tiles":[[2,null,null,null,null,null,null,null,null,null],[null,null,null,null,null,null,null,null,null,null],[5,null,null,null,null,null,null,null,null,null],[null,null,null,null,null,null,null,null,null,null],[null,null,null,null,null,null,null,null,null,null],[null,null,null,null,null,null,null,null,null,null],[null,null,null,null,null,null,null,null,null,null],[null,null,null,null,null,null,null,null,null,null],[null,null,null,null,null,null,null,null,null,null],[null,null,null,null,null,null,null,null,null,null]],"avatars":[{"id":"craig#mc0ijlllt","color":"white","coords":{"x":0,"y":0,"_hash":"00"},"position":{"direction":"south","port":1,"_hash":"south1"},"collided":false,"exited":false},{"id":"sammy#uj6wk93ss","color":"red","coords":{"x":2,"y":0,"_hash":"20"},"position":{"direction":"south","port":0,"_hash":"south0"},"collided":false,"exited":false}],"initialAvatarHashes":{"00north0":"craig#mc0ijlllt","20north0":"sammy#uj6wk93ss"}}}
billy#t35sssy87 << {"action":"update_view","payload":{"tiles":[[2,null,null,null,null,null,null,null,null,null],[null,null,null,null,null,null,null,null,null,null],[5,null,null,null,null,null,null,null,null,null],[null,null,null,null,null,null,null,null,null,null],[null,null,null,null,null,null,null,null,null,null],[null,null,null,null,null,null,null,null,null,null],[null,null,null,null,null,null,null,null,null,null],[null,null,null,null,null,null,null,null,null,null],[null,null,null,null,null,null,null,null,null,null],[null,null,null,null,null,null,null,null,null,null]],"avatars":[{"id":"craig#mc0ijlllt","color":"white","coords":{"x":0,"y":0,"_hash":"00"},"position":{"direction":"south","port":1,"_hash":"south1"},"collided":false,"exited":false},{"id":"sammy#uj6wk93ss","color":"red","coords":{"x":2,"y":0,"_hash":"20"},"position":{"direction":"south","port":0,"_hash":"south0"},"collided":false,"exited":false}],"initialAvatarHashes":{"00north0":"craig#mc0ijlllt","20north0":"sammy#uj6wk93ss"}}}
sammy#uj6wk93ss << {"action":"update_view","payload":{"tiles":[[2,null,null,null,null,null,null,null,null,null],[null,null,null,null,null,null,null,null,null,null],[5,null,null,null,null,null,null,null,null,null],[null,null,null,null,null,null,null,null,null,null],[null,null,null,null,null,null,null,null,null,null],[null,null,null,null,null,null,null,null,null,null],[null,null,null,null,null,null,null,null,null,null],[null,null,null,null,null,null,null,null,null,null],[null,null,null,null,null,null,null,null,null,null],[null,null,null,null,null,null,null,null,null,null]],"avatars":[{"id":"craig#mc0ijlllt","color":"white","coords":{"x":0,"y":0,"_hash":"00"},"position":{"direction":"south","port":1,"_hash":"south1"},"collided":false,"exited":false},{"id":"sammy#uj6wk93ss","color":"red","coords":{"x":2,"y":0,"_hash":"20"},"position":{"direction":"south","port":0,"_hash":"south0"},"collided":false,"exited":false}],"initialAvatarHashes":{"00north0":"craig#mc0ijlllt","20north0":"sammy#uj6wk93ss"}}}
DEBUG: sammy#uj6wk93ss has ended their turn.
DEBUG: craig#mc0ijlllt has started their turn.
craig#mc0ijlllt << {"action":"update_view","payload":{"tiles":[[2,null,null,null,null,null,null,null,null,null],[null,null,null,null,null,null,null,null,null,null],[5,null,null,null,null,null,null,null,null,null],[null,null,null,null,null,null,null,null,null,null],[null,null,null,null,null,null,null,null,null,null],[null,null,null,null,null,null,null,null,null,null],[null,null,null,null,null,null,null,null,null,null],[null,null,null,null,null,null,null,null,null,null],[null,null,null,null,null,null,null,null,null,null],[null,null,null,null,null,null,null,null,null,null]],"avatars":[{"id":"craig#mc0ijlllt","color":"white","coords":{"x":0,"y":0,"_hash":"00"},"position":{"direction":"south","port":1,"_hash":"south1"},"collided":false,"exited":false},{"id":"sammy#uj6wk93ss","color":"red","coords":{"x":2,"y":0,"_hash":"20"},"position":{"direction":"south","port":0,"_hash":"south0"},"collided":false,"exited":false}],"initialAvatarHashes":{"00north0":"craig#mc0ijlllt","20north0":"sammy#uj6wk93ss"}}}
craig#mc0ijlllt << {"action":"is_turn","payload":true}
craig#mc0ijlllt << {"action":"new_hand","payload":[6,7]}
craig#mc0ijlllt << {"action":"request_action","payload":false}
craig#mc0ijlllt >> {"action":"submit_action","payload":{"tile":6,"coords":{"x":0,"y":1}}}
craig#mc0ijlllt << {"action":"dump_hand","payload":null}
craig#mc0ijlllt << {"action":"is_turn","payload":false}
craig#mc0ijlllt << {"action":"update_view","payload":{"tiles":[[2,6,null,null,null,null,null,null,null,null],[null,null,null,null,null,null,null,null,null,null],[5,null,null,null,null,null,null,null,null,null],[null,null,null,null,null,null,null,null,null,null],[null,null,null,null,null,null,null,null,null,null],[null,null,null,null,null,null,null,null,null,null],[null,null,null,null,null,null,null,null,null,null],[null,null,null,null,null,null,null,null,null,null],[null,null,null,null,null,null,null,null,null,null],[null,null,null,null,null,null,null,null,null,null]],"avatars":[{"id":"craig#mc0ijlllt","color":"white","coords":{"x":0,"y":1,"_hash":"01"},"position":{"direction":"south","port":0,"_hash":"south0"},"collided":false,"exited":false},{"id":"sammy#uj6wk93ss","color":"red","coords":{"x":2,"y":0,"_hash":"20"},"position":{"direction":"south","port":0,"_hash":"south0"},"collided":false,"exited":false}],"initialAvatarHashes":{"00north0":"craig#mc0ijlllt","20north0":"sammy#uj6wk93ss"}}}
billy#t35sssy87 << {"action":"update_view","payload":{"tiles":[[2,6,null,null,null,null,null,null,null,null],[null,null,null,null,null,null,null,null,null,null],[5,null,null,null,null,null,null,null,null,null],[null,null,null,null,null,null,null,null,null,null],[null,null,null,null,null,null,null,null,null,null],[null,null,null,null,null,null,null,null,null,null],[null,null,null,null,null,null,null,null,null,null],[null,null,null,null,null,null,null,null,null,null],[null,null,null,null,null,null,null,null,null,null],[null,null,null,null,null,null,null,null,null,null]],"avatars":[{"id":"craig#mc0ijlllt","color":"white","coords":{"x":0,"y":1,"_hash":"01"},"position":{"direction":"south","port":0,"_hash":"south0"},"collided":false,"exited":false},{"id":"sammy#uj6wk93ss","color":"red","coords":{"x":2,"y":0,"_hash":"20"},"position":{"direction":"south","port":0,"_hash":"south0"},"collided":false,"exited":false}],"initialAvatarHashes":{"00north0":"craig#mc0ijlllt","20north0":"sammy#uj6wk93ss"}}}
sammy#uj6wk93ss << {"action":"update_view","payload":{"tiles":[[2,6,null,null,null,null,null,null,null,null],[null,null,null,null,null,null,null,null,null,null],[5,null,null,null,null,null,null,null,null,null],[null,null,null,null,null,null,null,null,null,null],[null,null,null,null,null,null,null,null,null,null],[null,null,null,null,null,null,null,null,null,null],[null,null,null,null,null,null,null,null,null,null],[null,null,null,null,null,null,null,null,null,null],[null,null,null,null,null,null,null,null,null,null],[null,null,null,null,null,null,null,null,null,null]],"avatars":[{"id":"craig#mc0ijlllt","color":"white","coords":{"x":0,"y":1,"_hash":"01"},"position":{"direction":"south","port":0,"_hash":"south0"},"collided":false,"exited":false},{"id":"sammy#uj6wk93ss","color":"red","coords":{"x":2,"y":0,"_hash":"20"},"position":{"direction":"south","port":0,"_hash":"south0"},"collided":false,"exited":false}],"initialAvatarHashes":{"00north0":"craig#mc0ijlllt","20north0":"sammy#uj6wk93ss"}}}
DEBUG: craig#mc0ijlllt has ended their turn.
DEBUG: sammy#uj6wk93ss has started their turn.
sammy#uj6wk93ss << {"action":"update_view","payload":{"tiles":[[2,6,null,null,null,null,null,null,null,null],[null,null,null,null,null,null,null,null,null,null],[5,null,null,null,null,null,null,null,null,null],[null,null,null,null,null,null,null,null,null,null],[null,null,null,null,null,null,null,null,null,null],[null,null,null,null,null,null,null,null,null,null],[null,null,null,null,null,null,null,null,null,null],[null,null,null,null,null,null,null,null,null,null],[null,null,null,null,null,null,null,null,null,null],[null,null,null,null,null,null,null,null,null,null]],"avatars":[{"id":"craig#mc0ijlllt","color":"white","coords":{"x":0,"y":1,"_hash":"01"},"position":{"direction":"south","port":0,"_hash":"south0"},"collided":false,"exited":false},{"id":"sammy#uj6wk93ss","color":"red","coords":{"x":2,"y":0,"_hash":"20"},"position":{"direction":"south","port":0,"_hash":"south0"},"collided":false,"exited":false}],"initialAvatarHashes":{"00north0":"craig#mc0ijlllt","20north0":"sammy#uj6wk93ss"}}}
sammy#uj6wk93ss << {"action":"is_turn","payload":true}
sammy#uj6wk93ss << {"action":"new_hand","payload":[8,9]}
sammy#uj6wk93ss << {"action":"request_action","payload":false}
sammy#uj6wk93ss >> {"action":"submit_action","payload":{"tile":8,"coords":{"x":2,"y":1}}}
sammy#uj6wk93ss << {"action":"dump_hand","payload":null}
sammy#uj6wk93ss << {"action":"is_turn","payload":false}
craig#mc0ijlllt << {"action":"update_view","payload":{"tiles":[[2,6,null,null,null,null,null,null,null,null],[null,null,null,null,null,null,null,null,null,null],[5,8,null,null,null,null,null,null,null,null],[null,null,null,null,null,null,null,null,null,null],[null,null,null,null,null,null,null,null,null,null],[null,null,null,null,null,null,null,null,null,null],[null,null,null,null,null,null,null,null,null,null],[null,null,null,null,null,null,null,null,null,null],[null,null,null,null,null,null,null,null,null,null],[null,null,null,null,null,null,null,null,null,null]],"avatars":[{"id":"craig#mc0ijlllt","color":"white","coords":{"x":0,"y":1,"_hash":"01"},"position":{"direction":"south","port":0,"_hash":"south0"},"collided":false,"exited":false},{"id":"sammy#uj6wk93ss","color":"red","coords":{"x":2,"y":1,"_hash":"21"},"position":{"direction":"south","port":1,"_hash":"south1"},"collided":false,"exited":false}],"initialAvatarHashes":{"00north0":"craig#mc0ijlllt","20north0":"sammy#uj6wk93ss"}}}
billy#t35sssy87 << {"action":"update_view","payload":{"tiles":[[2,6,null,null,null,null,null,null,null,null],[null,null,null,null,null,null,null,null,null,null],[5,8,null,null,null,null,null,null,null,null],[null,null,null,null,null,null,null,null,null,null],[null,null,null,null,null,null,null,null,null,null],[null,null,null,null,null,null,null,null,null,null],[null,null,null,null,null,null,null,null,null,null],[null,null,null,null,null,null,null,null,null,null],[null,null,null,null,null,null,null,null,null,null],[null,null,null,null,null,null,null,null,null,null]],"avatars":[{"id":"craig#mc0ijlllt","color":"white","coords":{"x":0,"y":1,"_hash":"01"},"position":{"direction":"south","port":0,"_hash":"south0"},"collided":false,"exited":false},{"id":"sammy#uj6wk93ss","color":"red","coords":{"x":2,"y":1,"_hash":"21"},"position":{"direction":"south","port":1,"_hash":"south1"},"collided":false,"exited":false}],"initialAvatarHashes":{"00north0":"craig#mc0ijlllt","20north0":"sammy#uj6wk93ss"}}}
sammy#uj6wk93ss << {"action":"update_view","payload":{"tiles":[[2,6,null,null,null,null,null,null,null,null],[null,null,null,null,null,null,null,null,null,null],[5,8,null,null,null,null,null,null,null,null],[null,null,null,null,null,null,null,null,null,null],[null,null,null,null,null,null,null,null,null,null],[null,null,null,null,null,null,null,null,null,null],[null,null,null,null,null,null,null,null,null,null],[null,null,null,null,null,null,null,null,null,null],[null,null,null,null,null,null,null,null,null,null],[null,null,null,null,null,null,null,null,null,null]],"avatars":[{"id":"craig#mc0ijlllt","color":"white","coords":{"x":0,"y":1,"_hash":"01"},"position":{"direction":"south","port":0,"_hash":"south0"},"collided":false,"exited":false},{"id":"sammy#uj6wk93ss","color":"red","coords":{"x":2,"y":1,"_hash":"21"},"position":{"direction":"south","port":1,"_hash":"south1"},"collided":false,"exited":false}],"initialAvatarHashes":{"00north0":"craig#mc0ijlllt","20north0":"sammy#uj6wk93ss"}}}
DEBUG: sammy#uj6wk93ss has ended their turn.
DEBUG: craig#mc0ijlllt has started their turn.
craig#mc0ijlllt << {"action":"update_view","payload":{"tiles":[[2,6,null,null,null,null,null,null,null,null],[null,null,null,null,null,null,null,null,null,null],[5,8,null,null,null,null,null,null,null,null],[null,null,null,null,null,null,null,null,null,null],[null,null,null,null,null,null,null,null,null,null],[null,null,null,null,null,null,null,null,null,null],[null,null,null,null,null,null,null,null,null,null],[null,null,null,null,null,null,null,null,null,null],[null,null,null,null,null,null,null,null,null,null],[null,null,null,null,null,null,null,null,null,null]],"avatars":[{"id":"craig#mc0ijlllt","color":"white","coords":{"x":0,"y":1,"_hash":"01"},"position":{"direction":"south","port":0,"_hash":"south0"},"collided":false,"exited":false},{"id":"sammy#uj6wk93ss","color":"red","coords":{"x":2,"y":1,"_hash":"21"},"position":{"direction":"south","port":1,"_hash":"south1"},"collided":false,"exited":false}],"initialAvatarHashes":{"00north0":"craig#mc0ijlllt","20north0":"sammy#uj6wk93ss"}}}
craig#mc0ijlllt << {"action":"is_turn","payload":true}
craig#mc0ijlllt << {"action":"new_hand","payload":[10,11]}
craig#mc0ijlllt << {"action":"request_action","payload":false}
craig#mc0ijlllt >> {"action":"submit_action","payload":{"tile":10,"coords":{"x":0,"y":2}}}
craig#mc0ijlllt << {"action":"dump_hand","payload":null}
craig#mc0ijlllt << {"action":"is_turn","payload":false}
craig#mc0ijlllt << {"action":"update_view","payload":{"tiles":[[2,6,10,null,null,null,null,null,null,null],[null,null,null,null,null,null,null,null,null,null],[5,8,null,null,null,null,null,null,null,null],[null,null,null,null,null,null,null,null,null,null],[null,null,null,null,null,null,null,null,null,null],[null,null,null,null,null,null,null,null,null,null],[null,null,null,null,null,null,null,null,null,null],[null,null,null,null,null,null,null,null,null,null],[null,null,null,null,null,null,null,null,null,null],[null,null,null,null,null,null,null,null,null,null]],"avatars":[{"id":"craig#mc0ijlllt","color":"white","coords":{"x":0,"y":2,"_hash":"02"},"position":{"direction":"south","port":0,"_hash":"south0"},"collided":false,"exited":false},{"id":"sammy#uj6wk93ss","color":"red","coords":{"x":2,"y":1,"_hash":"21"},"position":{"direction":"south","port":1,"_hash":"south1"},"collided":false,"exited":false}],"initialAvatarHashes":{"00north0":"craig#mc0ijlllt","20north0":"sammy#uj6wk93ss"}}}
billy#t35sssy87 << {"action":"update_view","payload":{"tiles":[[2,6,10,null,null,null,null,null,null,null],[null,null,null,null,null,null,null,null,null,null],[5,8,null,null,null,null,null,null,null,null],[null,null,null,null,null,null,null,null,null,null],[null,null,null,null,null,null,null,null,null,null],[null,null,null,null,null,null,null,null,null,null],[null,null,null,null,null,null,null,null,null,null],[null,null,null,null,null,null,null,null,null,null],[null,null,null,null,null,null,null,null,null,null],[null,null,null,null,null,null,null,null,null,null]],"avatars":[{"id":"craig#mc0ijlllt","color":"white","coords":{"x":0,"y":2,"_hash":"02"},"position":{"direction":"south","port":0,"_hash":"south0"},"collided":false,"exited":false},{"id":"sammy#uj6wk93ss","color":"red","coords":{"x":2,"y":1,"_hash":"21"},"position":{"direction":"south","port":1,"_hash":"south1"},"collided":false,"exited":false}],"initialAvatarHashes":{"00north0":"craig#mc0ijlllt","20north0":"sammy#uj6wk93ss"}}}
sammy#uj6wk93ss << {"action":"update_view","payload":{"tiles":[[2,6,10,null,null,null,null,null,null,null],[null,null,null,null,null,null,null,null,null,null],[5,8,null,null,null,null,null,null,null,null],[null,null,null,null,null,null,null,null,null,null],[null,null,null,null,null,null,null,null,null,null],[null,null,null,null,null,null,null,null,null,null],[null,null,null,null,null,null,null,null,null,null],[null,null,null,null,null,null,null,null,null,null],[null,null,null,null,null,null,null,null,null,null],[null,null,null,null,null,null,null,null,null,null]],"avatars":[{"id":"craig#mc0ijlllt","color":"white","coords":{"x":0,"y":2,"_hash":"02"},"position":{"direction":"south","port":0,"_hash":"south0"},"collided":false,"exited":false},{"id":"sammy#uj6wk93ss","color":"red","coords":{"x":2,"y":1,"_hash":"21"},"position":{"direction":"south","port":1,"_hash":"south1"},"collided":false,"exited":false}],"initialAvatarHashes":{"00north0":"craig#mc0ijlllt","20north0":"sammy#uj6wk93ss"}}}
DEBUG: craig#mc0ijlllt has ended their turn.
DEBUG: sammy#uj6wk93ss has started their turn.
sammy#uj6wk93ss << {"action":"update_view","payload":{"tiles":[[2,6,10,null,null,null,null,null,null,null],[null,null,null,null,null,null,null,null,null,null],[5,8,null,null,null,null,null,null,null,null],[null,null,null,null,null,null,null,null,null,null],[null,null,null,null,null,null,null,null,null,null],[null,null,null,null,null,null,null,null,null,null],[null,null,null,null,null,null,null,null,null,null],[null,null,null,null,null,null,null,null,null,null],[null,null,null,null,null,null,null,null,null,null],[null,null,null,null,null,null,null,null,null,null]],"avatars":[{"id":"craig#mc0ijlllt","color":"white","coords":{"x":0,"y":2,"_hash":"02"},"position":{"direction":"south","port":0,"_hash":"south0"},"collided":false,"exited":false},{"id":"sammy#uj6wk93ss","color":"red","coords":{"x":2,"y":1,"_hash":"21"},"position":{"direction":"south","port":1,"_hash":"south1"},"collided":false,"exited":false}],"initialAvatarHashes":{"00north0":"craig#mc0ijlllt","20north0":"sammy#uj6wk93ss"}}}
sammy#uj6wk93ss << {"action":"is_turn","payload":true}
sammy#uj6wk93ss << {"action":"new_hand","payload":[12,13]}
sammy#uj6wk93ss << {"action":"request_action","payload":false}
sammy#uj6wk93ss >> {"action":"submit_action","payload":{"tile":12,"coords":{"x":2,"y":2}}}
sammy#uj6wk93ss << {"action":"dump_hand","payload":null}
sammy#uj6wk93ss << {"action":"is_turn","payload":false}
craig#mc0ijlllt << {"action":"update_view","payload":{"tiles":[[2,6,10,null,null,null,null,null,null,null],[null,null,null,null,null,null,null,null,null,null],[5,8,12,null,null,null,null,null,null,null],[null,null,null,null,null,null,null,null,null,null],[null,null,null,null,null,null,null,null,null,null],[null,null,null,null,null,null,null,null,null,null],[null,null,null,null,null,null,null,null,null,null],[null,null,null,null,null,null,null,null,null,null],[null,null,null,null,null,null,null,null,null,null],[null,null,null,null,null,null,null,null,null,null]],"avatars":[{"id":"craig#mc0ijlllt","color":"white","coords":{"x":0,"y":2,"_hash":"02"},"position":{"direction":"south","port":0,"_hash":"south0"},"collided":false,"exited":false},{"id":"sammy#uj6wk93ss","color":"red","coords":{"x":2,"y":2,"_hash":"22"},"position":{"direction":"east","port":0,"_hash":"east0"},"collided":false,"exited":false}],"initialAvatarHashes":{"00north0":"craig#mc0ijlllt","20north0":"sammy#uj6wk93ss"}}}
billy#t35sssy87 << {"action":"update_view","payload":{"tiles":[[2,6,10,null,null,null,null,null,null,null],[null,null,null,null,null,null,null,null,null,null],[5,8,12,null,null,null,null,null,null,null],[null,null,null,null,null,null,null,null,null,null],[null,null,null,null,null,null,null,null,null,null],[null,null,null,null,null,null,null,null,null,null],[null,null,null,null,null,null,null,null,null,null],[null,null,null,null,null,null,null,null,null,null],[null,null,null,null,null,null,null,null,null,null],[null,null,null,null,null,null,null,null,null,null]],"avatars":[{"id":"craig#mc0ijlllt","color":"white","coords":{"x":0,"y":2,"_hash":"02"},"position":{"direction":"south","port":0,"_hash":"south0"},"collided":false,"exited":false},{"id":"sammy#uj6wk93ss","color":"red","coords":{"x":2,"y":2,"_hash":"22"},"position":{"direction":"east","port":0,"_hash":"east0"},"collided":false,"exited":false}],"initialAvatarHashes":{"00north0":"craig#mc0ijlllt","20north0":"sammy#uj6wk93ss"}}}
sammy#uj6wk93ss << {"action":"update_view","payload":{"tiles":[[2,6,10,null,null,null,null,null,null,null],[null,null,null,null,null,null,null,null,null,null],[5,8,12,null,null,null,null,null,null,null],[null,null,null,null,null,null,null,null,null,null],[null,null,null,null,null,null,null,null,null,null],[null,null,null,null,null,null,null,null,null,null],[null,null,null,null,null,null,null,null,null,null],[null,null,null,null,null,null,null,null,null,null],[null,null,null,null,null,null,null,null,null,null],[null,null,null,null,null,null,null,null,null,null]],"avatars":[{"id":"craig#mc0ijlllt","color":"white","coords":{"x":0,"y":2,"_hash":"02"},"position":{"direction":"south","port":0,"_hash":"south0"},"collided":false,"exited":false},{"id":"sammy#uj6wk93ss","color":"red","coords":{"x":2,"y":2,"_hash":"22"},"position":{"direction":"east","port":0,"_hash":"east0"},"collided":false,"exited":false}],"initialAvatarHashes":{"00north0":"craig#mc0ijlllt","20north0":"sammy#uj6wk93ss"}}}
DEBUG: sammy#uj6wk93ss has ended their turn.
DEBUG: craig#mc0ijlllt has started their turn.
craig#mc0ijlllt << {"action":"update_view","payload":{"tiles":[[2,6,10,null,null,null,null,null,null,null],[null,null,null,null,null,null,null,null,null,null],[5,8,12,null,null,null,null,null,null,null],[null,null,null,null,null,null,null,null,null,null],[null,null,null,null,null,null,null,null,null,null],[null,null,null,null,null,null,null,null,null,null],[null,null,null,null,null,null,null,null,null,null],[null,null,null,null,null,null,null,null,null,null],[null,null,null,null,null,null,null,null,null,null],[null,null,null,null,null,null,null,null,null,null]],"avatars":[{"id":"craig#mc0ijlllt","color":"white","coords":{"x":0,"y":2,"_hash":"02"},"position":{"direction":"south","port":0,"_hash":"south0"},"collided":false,"exited":false},{"id":"sammy#uj6wk93ss","color":"red","coords":{"x":2,"y":2,"_hash":"22"},"position":{"direction":"east","port":0,"_hash":"east0"},"collided":false,"exited":false}],"initialAvatarHashes":{"00north0":"craig#mc0ijlllt","20north0":"sammy#uj6wk93ss"}}}
craig#mc0ijlllt << {"action":"is_turn","payload":true}
craig#mc0ijlllt << {"action":"new_hand","payload":[14,15]}
craig#mc0ijlllt << {"action":"request_action","payload":false}
craig#mc0ijlllt >> {"action":"submit_action","payload":{"tile":14,"coords":{"x":0,"y":3}}}
craig#mc0ijlllt << {"action":"lose","payload":true}
craig#mc0ijlllt << {"action":"dump_hand","payload":null}
craig#mc0ijlllt << {"action":"is_turn","payload":false}
craig#mc0ijlllt << {"action":"update_view","payload":{"tiles":[[2,6,10,14,null,null,null,null,null,null],[null,null,null,null,null,null,null,null,null,null],[5,8,12,null,null,null,null,null,null,null],[null,null,null,null,null,null,null,null,null,null],[null,null,null,null,null,null,null,null,null,null],[null,null,null,null,null,null,null,null,null,null],[null,null,null,null,null,null,null,null,null,null],[null,null,null,null,null,null,null,null,null,null],[null,null,null,null,null,null,null,null,null,null],[null,null,null,null,null,null,null,null,null,null]],"avatars":[{"id":"craig#mc0ijlllt","color":"white","coords":{"x":0,"y":3,"_hash":"03"},"position":{"direction":"west","port":0,"_hash":"west0"},"collided":false,"exited":true},{"id":"sammy#uj6wk93ss","color":"red","coords":{"x":2,"y":2,"_hash":"22"},"position":{"direction":"east","port":0,"_hash":"east0"},"collided":false,"exited":false}],"initialAvatarHashes":{"00north0":"craig#mc0ijlllt","20north0":"sammy#uj6wk93ss"}}}
billy#t35sssy87 << {"action":"update_view","payload":{"tiles":[[2,6,10,14,null,null,null,null,null,null],[null,null,null,null,null,null,null,null,null,null],[5,8,12,null,null,null,null,null,null,null],[null,null,null,null,null,null,null,null,null,null],[null,null,null,null,null,null,null,null,null,null],[null,null,null,null,null,null,null,null,null,null],[null,null,null,null,null,null,null,null,null,null],[null,null,null,null,null,null,null,null,null,null],[null,null,null,null,null,null,null,null,null,null],[null,null,null,null,null,null,null,null,null,null]],"avatars":[{"id":"craig#mc0ijlllt","color":"white","coords":{"x":0,"y":3,"_hash":"03"},"position":{"direction":"west","port":0,"_hash":"west0"},"collided":false,"exited":true},{"id":"sammy#uj6wk93ss","color":"red","coords":{"x":2,"y":2,"_hash":"22"},"position":{"direction":"east","port":0,"_hash":"east0"},"collided":false,"exited":false}],"initialAvatarHashes":{"00north0":"craig#mc0ijlllt","20north0":"sammy#uj6wk93ss"}}}
sammy#uj6wk93ss << {"action":"update_view","payload":{"tiles":[[2,6,10,14,null,null,null,null,null,null],[null,null,null,null,null,null,null,null,null,null],[5,8,12,null,null,null,null,null,null,null],[null,null,null,null,null,null,null,null,null,null],[null,null,null,null,null,null,null,null,null,null],[null,null,null,null,null,null,null,null,null,null],[null,null,null,null,null,null,null,null,null,null],[null,null,null,null,null,null,null,null,null,null],[null,null,null,null,null,null,null,null,null,null],[null,null,null,null,null,null,null,null,null,null]],"avatars":[{"id":"craig#mc0ijlllt","color":"white","coords":{"x":0,"y":3,"_hash":"03"},"position":{"direction":"west","port":0,"_hash":"west0"},"collided":false,"exited":true},{"id":"sammy#uj6wk93ss","color":"red","coords":{"x":2,"y":2,"_hash":"22"},"position":{"direction":"east","port":0,"_hash":"east0"},"collided":false,"exited":false}],"initialAvatarHashes":{"00north0":"craig#mc0ijlllt","20north0":"sammy#uj6wk93ss"}}}
DEBUG: craig#mc0ijlllt has ended their turn.
craig#mc0ijlllt << {"action":"game_over","payload":{"winners":[["sammy#uj6wk93ss"],["craig#mc0ijlllt"]],"losers":["billy#t35sssy87"]}}
billy#t35sssy87 << {"action":"game_over","payload":{"winners":[["sammy#uj6wk93ss"],["craig#mc0ijlllt"]],"losers":["billy#t35sssy87"]}}
sammy#uj6wk93ss << {"action":"game_over","payload":{"winners":[["sammy#uj6wk93ss"],["craig#mc0ijlllt"]],"losers":["billy#t35sssy87"]}}
DEBUG: Game has ended.